<?xml version="1.0" encoding="UTF-8"?>
<Site BuildName="Linux-c++"
	BuildStamp="20240106-0748-Experimental"
	Name="IRISLAB-73"
	Generator="ctest-3.22.1"
	CompilerName="/usr/bin/c++"
	CompilerVersion="9.5.0"
	OSName="Linux"
	Hostname="IRISLAB-79"
	OSRelease="5.15.0-73-generic"
	OSVersion="#80-Ubuntu SMP Mon May 15 15:18:26 UTC 2023"
	OSPlatform="x86_64"
	Is64Bits="1"
	VendorString="AuthenticAMD"
	VendorID="Advanced Micro Devices"
	FamilyID="23"
	ModelID="49"
	ProcessorCacheSize="512"
	NumberOfLogicalCPU="128"
	NumberOfPhysicalCPU="64"
	TotalVirtualMemory="32767"
	TotalPhysicalMemory="193088"
	LogicalProcessorsPerPhysical="2"
	ProcessorClockFrequency="2200"
	>
	<Testing>
		<StartDateTime>Jan 06 15:48 CST</StartDateTime>
		<StartTestTime>1704527313</StartTestTime>
		<TestList/>
		<EndDateTime>Jan 06 15:48 CST</EndDateTime>
		<EndTestTime>1704527313</EndTestTime>
		<ElapsedMinutes>0</ElapsedMinutes>
	</Testing>
</Site>
