<?xml version="1.0" encoding="UTF-8"?>
<Site BuildName="Linux-c++"
	BuildStamp="20230718-1334-Experimental"
	Name="IRISLAB-73"
	Generator="ctest-3.20.2"
	CompilerName="/usr/bin/c++"
	CompilerVersion="8.5.0"
	OSName="Linux"
	Hostname="IRISLAB-73"
	OSRelease="4.18.0-365.el8.x86_64"
	OSVersion="#1 SMP Thu Feb 10 16:11:23 UTC 2022"
	OSPlatform="x86_64"
	Is64Bits="1"
	VendorString="GenuineIntel"
	VendorID="Intel Corporation"
	FamilyID="6"
	ModelID="85"
	ProcessorCacheSize="36608"
	NumberOfLogicalCPU="104"
	NumberOfPhysicalCPU="52"
	TotalVirtualMemory="43263"
	TotalPhysicalMemory="418607"
	LogicalProcessorsPerPhysical="2"
	ProcessorClockFrequency="3093.09"
	>
	<Testing>
		<StartDateTime>Jul 18 21:34 CST</StartDateTime>
		<StartTestTime>1689687240</StartTestTime>
		<TestList/>
		<EndDateTime>Jul 18 21:34 CST</EndDateTime>
		<EndTestTime>1689687240</EndTestTime>
		<ElapsedMinutes>0</ElapsedMinutes>
	</Testing>
</Site>
